<?xml version="1.0" encoding="UTF-8"?>
<!-- Generated by org.testng.reporters.JUnitReportReporter -->
<testsuite skipped="0" hostname="LenovoL330-7" name="Testscript.TC4" tests="1" failures="0" timestamp="2020-04-04T23:55:28 IST" time="0.127" errors="0">
  <testcase name="testcase4" time="0.127" classname="Testscript.TC4"/>
  <system-out/>
</testsuite> <!-- Testscript.TC4 -->
