<?xml version="1.0" encoding="UTF-8"?>
<!-- Generated by org.testng.reporters.JUnitReportReporter -->
<testsuite skipped="0" hostname="LenovoL330-7" name="Testscript.TC2" tests="1" failures="0" timestamp="2020-04-04T23:55:28 IST" time="1.706" errors="0">
  <testcase name="testcase2" time="1.706" classname="Testscript.TC2"/>
  <system-out/>
</testsuite> <!-- Testscript.TC2 -->
